 ####### 1D Couette_Poiseuille-FlowCode ###
 The case selected is CASE NUMBER            1
 Here, the values of VW, H, DPDX are    12.840000152587891        6.5999999642372131E-002   0.0000000000000000      respectively.
 The data generated will be saved to file Case_01_sim.dat
 Convergence was not reached !
 Calculations terminated after       10000 iterations.
 UTAU1=  0.29968789263281265     
 UTAU2=  0.29968789266515727     
 U Average=   6.4216836705877425      U Max=   12.871028641710632     
 Copying Generated GRID.dat to the directory Simulated_Data  . . . . 
 Copied Successfully 
 Copying Generated simulation data to the directory Simulated_Data . . . .
 Copied Successfully 
 Creating Plots . . . .
Case to be plotted:  Case_01_
Plotting case . . .
Saving Plots . . .
 ####### 1D Couette_Poiseuille-FlowCode ###
 The case selected is CASE NUMBER            2
 Here, the values of VW, H, DPDX are    12.840000152587891        6.5999999642372131E-002 -0.80800002813339233      respectively.
 The data generated will be saved to file Case_02_sim.dat
 Convergence was not reached !
 Calculations terminated after       10000 iterations.
 UTAU1=  0.34327734822301254     
 UTAU2=  0.25399081916179117     
 U Average=   7.2816213813784634      U Max=   12.862287494241214     
 Copying Generated GRID.dat to the directory Simulated_Data  . . . . 
 Copied Successfully 
 Copying Generated simulation data to the directory Simulated_Data . . . .
 Copied Successfully 
 Creating Plots . . . .
Case to be plotted:  Case_02_
Plotting case . . .
Saving Plots . . .
 ####### 1D Couette_Poiseuille-FlowCode ###
 The case selected is CASE NUMBER            3
 Here, the values of VW, H, DPDX are    12.840000152587891        6.5999999642372131E-002  -1.4859999418258667      respectively.
 The data generated will be saved to file Case_03_sim.dat
 Convergence was not reached !
 Calculations terminated after       10000 iterations.
 UTAU1=  0.37882349473081323     
 UTAU2=  0.21314606388998147     
 U Average=   8.0079863393444146      U Max=   12.855695714459877     
 Copying Generated GRID.dat to the directory Simulated_Data  . . . . 
 Copied Successfully 
 Copying Generated simulation data to the directory Simulated_Data . . . .
 Copied Successfully 
 Creating Plots . . . .
Case to be plotted:  Case_03_
Plotting case . . .
Saving Plots . . .
 ####### 1D Couette_Poiseuille-FlowCode ###
 The case selected is CASE NUMBER            4
 Here, the values of VW, H, DPDX are    12.840000152587891        6.5999999642372131E-002  -1.5099999904632568      respectively.
 The data generated will be saved to file Case_04_sim.dat
 Convergence was not reached !
 Calculations terminated after       10000 iterations.
 UTAU1=  0.38006924070140063     
 UTAU2=  0.21164269155117435     
 U Average=   8.0338316817927851      U Max=   12.855475085864342     
 Copying Generated GRID.dat to the directory Simulated_Data  . . . . 
 Copied Successfully 
 Copying Generated simulation data to the directory Simulated_Data . . . .
 Copied Successfully 
 Creating Plots . . . .
Case to be plotted:  Case_04_
Plotting case . . .
Saving Plots . . .
 ####### 1D Couette_Poiseuille-FlowCode ###
 The case selected is CASE NUMBER            5
 Here, the values of VW, H, DPDX are    12.840000152587891        6.5999999642372131E-002  -1.9600000381469727      respectively.
 The data generated will be saved to file Case_05_sim.dat
 Convergence was not reached !
 Calculations terminated after       10000 iterations.
 UTAU1=  0.40330455019233841     
 UTAU2=  0.18246796532650705     
 U Average=   8.5206408847606365      U Max=   12.851502738661823     
 Copying Generated GRID.dat to the directory Simulated_Data  . . . . 
 Copied Successfully 
 Copying Generated simulation data to the directory Simulated_Data . . . .
 Copied Successfully 
 Creating Plots . . . .
Case to be plotted:  Case_05_
Plotting case . . .
Saving Plots . . .
 ####### 1D Couette_Poiseuille-FlowCode ###
 The case selected is CASE NUMBER            6
 Here, the values of VW, H, DPDX are    8.5900001525878906        6.5999999642372131E-002  -1.4299999475479126      respectively.
 The data generated will be saved to file Case_06_sim.dat
 Convergence was not reached !
 Calculations terminated after       10000 iterations.
 UTAU1=  0.30451403543913547     
 UTAU2=   4.0634938061132574E-002
 U Average=   7.2294741192419183      U Max=   8.6545657426205818     
 Copying Generated GRID.dat to the directory Simulated_Data  . . . . 
 Copied Successfully 
 Copying Generated simulation data to the directory Simulated_Data . . . .
 Copied Successfully 
 Creating Plots . . . .
Case to be plotted:  Case_06_
Plotting case . . .
Saving Plots . . .
 ####### 1D Couette_Poiseuille-FlowCode ###
 The case selected is CASE NUMBER            7
 Here, the values of VW, H, DPDX are    17.079999923706055       0.10100000351667404       -3.5480000972747803      respectively.
 The data generated will be saved to file Case_07_sim.dat
 Convergence was not reached !
 Calculations terminated after       10000 iterations.
 UTAU1=  0.59945528409929028     
 UTAU2=   3.1600876178237897E-002
 U Average=   13.371629409572888      U Max=   17.080527879958225     
 Copying Generated GRID.dat to the directory Simulated_Data  . . . . 
 Copied Successfully 
 Copying Generated simulation data to the directory Simulated_Data . . . .
 Copied Successfully 
 Creating Plots . . . .
Case to be plotted:  Case_07_
Plotting case . . .
Saving Plots . . .
 ####### 1D Couette_Poiseuille-FlowCode ###
 The case selected is CASE NUMBER            8
 Here, the values of VW, H, DPDX are    12.840000152587891       0.10100000351667404       -2.3229999542236328      respectively.
 The data generated will be saved to file Case_08_sim.dat
 Convergence was not reached !
 Calculations terminated after       10000 iterations.
 UTAU1=  0.48140063966643198     
 UTAU2=   5.3632337835676329E-002
 U Average=   10.973928446962560      U Max=   12.960130251635920     
 Copying Generated GRID.dat to the directory Simulated_Data  . . . . 
 Copied Successfully 
 Copying Generated simulation data to the directory Simulated_Data . . . .
 Copied Successfully 
 Creating Plots . . . .
Case to be plotted:  Case_08_
Plotting case . . .
Saving Plots . . .
 ####### 1D Couette_Poiseuille-FlowCode ###
 The case selected is CASE NUMBER            9
 Here, the values of VW, H, DPDX are    8.5900001525878906       0.10100000351667404       -1.2120000123977661      respectively.
 The data generated will be saved to file Case_09_sim.dat
 Convergence was not reached !
 Calculations terminated after       10000 iterations.
 UTAU1=  0.34626097058632715     
 UTAU2=   5.0153222995813374E-002
 U Average=   7.4106475840537289      U Max=   8.7655152222631330     
 Copying Generated GRID.dat to the directory Simulated_Data  . . . . 
 Copied Successfully 
 Copying Generated simulation data to the directory Simulated_Data . . . .
 Copied Successfully 
 Creating Plots . . . .
Case to be plotted:  Case_09_
Plotting case . . .
Saving Plots . . .
 ####### 1D Couette_Poiseuille-FlowCode ###
 The case selected is CASE NUMBER           10
 Here, the values of VW, H, DPDX are    12.840000152587891        6.5999999642372131E-002  -4.8299999237060547      respectively.
 The data generated will be saved to file Case_10_sim.dat
 Convergence was not reached !
 Calculations terminated after       10000 iterations.
 UTAU1=  0.55374381638927794     
 UTAU2=  0.11021696320531887     
 U Average=   11.860999057159603      U Max=   13.701534913894125     
 Copying Generated GRID.dat to the directory Simulated_Data  . . . . 
 Copied Successfully 
 Copying Generated simulation data to the directory Simulated_Data . . . .
 Copied Successfully 
 Creating Plots . . . .
Case to be plotted:  Case_10_
Plotting case . . .
Saving Plots . . .
 ####### 1D Couette_Poiseuille-FlowCode ###
 The case selected is CASE NUMBER           11
 Here, the values of VW, H, DPDX are    12.840000152587891        6.5999999642372131E-002  -7.5000000000000000      respectively.
 The data generated will be saved to file Case_11_sim.dat
 Convergence was not reached !
 Calculations terminated after       10000 iterations.
 UTAU1=  0.66505977145867223     
 UTAU2=  0.22955499918221595     
 U Average=   14.384653782861426      U Max=   16.154817004726258     
 Copying Generated GRID.dat to the directory Simulated_Data  . . . . 
 Copied Successfully 
 Copying Generated simulation data to the directory Simulated_Data . . . .
 Copied Successfully 
 Creating Plots . . . .
Case to be plotted:  Case_11_
Plotting case . . .
Saving Plots . . .
 ####### 1D Couette_Poiseuille-FlowCode ###
 The case selected is CASE NUMBER           12
 Here, the values of VW, H, DPDX are    12.840000152587891        6.5999999642372131E-002  -14.300000190734863      respectively.
 The data generated will be saved to file Case_12_sim.dat
 Convergence was not reached !
 Calculations terminated after       10000 iterations.
 UTAU1=  0.86362421089661168     
 UTAU2=  0.44491935191772025     
 U Average=   18.900013071974225      U Max=   20.842571198132436     
 Copying Generated GRID.dat to the directory Simulated_Data  . . . . 
 Copied Successfully 
 Copying Generated simulation data to the directory Simulated_Data . . . .
 Copied Successfully 
 Creating Plots . . . .
Case to be plotted:  Case_12_
Plotting case . . .
Saving Plots . . .
 ####### 1D Couette_Poiseuille-FlowCode ###
 The case selected is CASE NUMBER           13
 Here, the values of VW, H, DPDX are    12.840000152587891        6.5999999642372131E-002  -18.500000000000000      respectively.
 The data generated will be saved to file Case_13_sim.dat
 Convergence was not reached !
 Calculations terminated after       10000 iterations.
 UTAU1=  0.96004199896038644     
 UTAU2=  0.54710086240655320     
 U Average=   21.111082485580166      U Max=   23.183165973383325     
 Copying Generated GRID.dat to the directory Simulated_Data  . . . . 
 Copied Successfully 
 Copying Generated simulation data to the directory Simulated_Data . . . .
 Copied Successfully 
 Creating Plots . . . .
Case to be plotted:  Case_13_
Plotting case . . .
Saving Plots . . .
 ####### 1D Couette_Poiseuille-FlowCode ###
 The case selected is CASE NUMBER           14
 Here, the values of VW, H, DPDX are    8.5900001525878906        6.5999999642372131E-002  -20.799999237060547      respectively.
 The data generated will be saved to file Case_14_sim.dat
 Convergence was not reached !
 Calculations terminated after       10000 iterations.
 UTAU1=  0.95353797216877512     
 UTAU2=  0.68085628279098620     
 U Average=   20.482666395149803      U Max=   22.407558773865695     
 Copying Generated GRID.dat to the directory Simulated_Data  . . . . 
 Copied Successfully 
 Copying Generated simulation data to the directory Simulated_Data . . . .
 Copied Successfully 
 Creating Plots . . . .
Case to be plotted:  Case_14_
Plotting case . . .
Saving Plots . . .
 ####### 1D Couette_Poiseuille-FlowCode ###
 The case selected is CASE NUMBER           15
 Here, the values of VW, H, DPDX are    0.0000000000000000        6.5999999642372131E-002  -13.140000343322754      respectively.
 The data generated will be saved to file Case_15_sim.dat
 Convergence was not reached !
 Calculations terminated after       10000 iterations.
 UTAU1=  0.65826305609759350     
 UTAU2=  0.65873345664389660     
 U Average=   12.726064612973781      U Max=   14.119651195818737     
 Copying Generated GRID.dat to the directory Simulated_Data  . . . . 
 Copied Successfully 
 Copying Generated simulation data to the directory Simulated_Data . . . .
 Copied Successfully 
 Creating Plots . . . .
Case to be plotted:  Case_15_
Plotting case . . .
Saving Plots . . .
 ####### 1D Couette_Poiseuille-FlowCode ###
 The case selected is CASE NUMBER           16
 Here, the values of VW, H, DPDX are    1.7999999523162842        2.9999999329447746E-002 -0.47999998927116394      respectively.
 The data generated will be saved to file Case_16_sim.dat
 Total Number Iterations=         328
 UTAU1=   4.3102726574203658E-002
 UTAU2=  0.11199176004697992     
 U Average=   1.6667701702946109      U Max=   2.0307578461115647     
 Copying Generated GRID.dat to the directory Simulated_Data  . . . . 
 Copied Successfully 
 Copying Generated simulation data to the directory Simulated_Data . . . .
 Copied Successfully 
 Creating Plots . . . .
Case to be plotted:  Case_16_
Plotting case . . .
Saving Plots . . .
 ####### 1D Couette_Poiseuille-FlowCode ###
 The case selected is CASE NUMBER           17
 Here, the values of VW, H, DPDX are    3.0899999141693115        2.9999999329447746E-002 -0.60000002384185791      respectively.
 The data generated will be saved to file Case_17_sim.dat
 Convergence was not reached !
 Calculations terminated after       10000 iterations.
 UTAU1=   2.2095587392060946E-002
 UTAU2=  0.13233210242998181     
 U Average=   2.4295817008976202      U Max=   3.1034867433017777     
 Copying Generated GRID.dat to the directory Simulated_Data  . . . . 
 Copied Successfully 
 Copying Generated simulation data to the directory Simulated_Data . . . .
 Copied Successfully 
 Creating Plots . . . .
Case to be plotted:  Case_17_
Plotting case . . .
Saving Plots . . .
 ####### 1D Couette_Poiseuille-FlowCode ###
 The case selected is CASE NUMBER           18
 Here, the values of VW, H, DPDX are    3.7500000000000000        2.9999999329447746E-002 -0.66000002622604370      respectively.
 The data generated will be saved to file Case_18_sim.dat
 Convergence was not reached !
 Calculations terminated after       10000 iterations.
 UTAU1=   4.0544134530352736E-002
 UTAU2=  0.13474484592792718     
 U Average=   2.4335234268592454      U Max=   3.8885109493368386     
 Copying Generated GRID.dat to the directory Simulated_Data  . . . . 
 Copied Successfully 
 Copying Generated simulation data to the directory Simulated_Data . . . .
 Copied Successfully 
 Creating Plots . . . .
Case to be plotted:  Case_18_
Plotting case . . .
Saving Plots . . .
