 ####### 1D Couette_Poiseuille-FlowCode ###
 The case selected is CASE NUMBER            1
 Here, the values of VW, H, DPDX are    12.840000152587891        6.5999999642372131E-002   0.0000000000000000      respectively.
 The data generated will be saved to file Case_01_sim.dat
 Total Number Iterations=         720
 UTAU1=  0.30346416152813149     
 UTAU2=  0.30346416152812788     
 U Average=   6.4218247886133071      U Max=   12.987242542409914     
 Copying Generated GRID.dat to the directory Simulated_Data  . . . . 
 Copied Successfully 
 Copying Generated simulation data to the directory Simulated_Data . . . .
 Copied Successfully 
 Auto Plotting Disabled
 ####### 1D Couette_Poiseuille-FlowCode ###
 The case selected is CASE NUMBER            2
 Here, the values of VW, H, DPDX are    12.840000152587891        6.5999999642372131E-002 -0.80800002813339233      respectively.
 The data generated will be saved to file Case_02_sim.dat
 Total Number Iterations=         637
 UTAU1=  0.34681156021331805     
 UTAU2=  0.25874747676018439     
 U Average=   7.0956552906951194      U Max=   12.947046113742299     
 Copying Generated GRID.dat to the directory Simulated_Data  . . . . 
 Copied Successfully 
 Copying Generated simulation data to the directory Simulated_Data . . . .
 Copied Successfully 
 Auto Plotting Disabled
 ####### 1D Couette_Poiseuille-FlowCode ###
 The case selected is CASE NUMBER            3
 Here, the values of VW, H, DPDX are    12.840000152587891        6.5999999642372131E-002  -1.4859999418258667      respectively.
 The data generated will be saved to file Case_03_sim.dat
 Total Number Iterations=         587
 UTAU1=  0.38213001949207537     
 UTAU2=  0.21896884748276460     
 U Average=   7.6635549148067552      U Max=   12.916662604332116     
 Copying Generated GRID.dat to the directory Simulated_Data  . . . . 
 Copied Successfully 
 Copying Generated simulation data to the directory Simulated_Data . . . .
 Copied Successfully 
 Auto Plotting Disabled
 ####### 1D Couette_Poiseuille-FlowCode ###
 The case selected is CASE NUMBER            4
 Here, the values of VW, H, DPDX are    12.840000152587891        6.5999999642372131E-002  -1.5099999904632568      respectively.
 The data generated will be saved to file Case_04_sim.dat
 Total Number Iterations=         586
 UTAU1=  0.38336710659742351     
 UTAU2=  0.21750940115387024     
 U Average=   7.6837374353416354      U Max=   12.915644086179192     
 Copying Generated GRID.dat to the directory Simulated_Data  . . . . 
 Copied Successfully 
 Copying Generated simulation data to the directory Simulated_Data . . . .
 Copied Successfully 
 Auto Plotting Disabled
 ####### 1D Couette_Poiseuille-FlowCode ###
 The case selected is CASE NUMBER            5
 Here, the values of VW, H, DPDX are    12.840000152587891        6.5999999642372131E-002  -1.9600000381469727      respectively.
 The data generated will be saved to file Case_05_sim.dat
 Total Number Iterations=         565
 UTAU1=  0.40643181533999240     
 UTAU2=  0.18927973664343362     
 U Average=   8.0635779141386958      U Max=   12.897283222595131     
 Copying Generated GRID.dat to the directory Simulated_Data  . . . . 
 Copied Successfully 
 Copying Generated simulation data to the directory Simulated_Data . . . .
 Copied Successfully 
 Auto Plotting Disabled
 ####### 1D Couette_Poiseuille-FlowCode ###
 The case selected is CASE NUMBER            6
 Here, the values of VW, H, DPDX are    8.5900001525878906        6.5999999642372131E-002  -1.4299999475479126      respectively.
 The data generated will be saved to file Case_06_sim.dat
 Total Number Iterations=         461
 UTAU1=  0.31733675506891784     
 UTAU2=   7.9514904835046279E-002
 U Average=   5.9036360629487410      U Max=   8.6001093138922187     
 Copying Generated GRID.dat to the directory Simulated_Data  . . . . 
 Copied Successfully 
 Copying Generated simulation data to the directory Simulated_Data . . . .
 Copied Successfully 
 Auto Plotting Disabled
 ####### 1D Couette_Poiseuille-FlowCode ###
 The case selected is CASE NUMBER            7
 Here, the values of VW, H, DPDX are    17.079999923706055       0.10100000351667404       -3.5480000972747803      respectively.
 The data generated will be saved to file Case_07_sim.dat
 Total Number Iterations=         727
 UTAU1=  0.60398142254662335     
 UTAU2=   8.0284098547080782E-002
 U Average=   12.704703641959307      U Max=   17.095770754264503     
 Copying Generated GRID.dat to the directory Simulated_Data  . . . . 
 Copied Successfully 
 Copying Generated simulation data to the directory Simulated_Data . . . .
 Copied Successfully 
 Auto Plotting Disabled
 ####### 1D Couette_Poiseuille-FlowCode ###
 The case selected is CASE NUMBER            8
 Here, the values of VW, H, DPDX are    12.840000152587891       0.10100000351667404       -2.3229999542236328      respectively.
 The data generated will be saved to file Case_08_sim.dat
 Convergence was not reached !
 Calculations terminated after       10000 iterations.
 UTAU1=  0.46696121547128783     
 UTAU2=  0.12872539295491958     
 U Average=   10.196339603211012      U Max=   16.607453372894955     
 Copying Generated GRID.dat to the directory Simulated_Data  . . . . 
 Copied Successfully 
 Copying Generated simulation data to the directory Simulated_Data . . . .
 Copied Successfully 
 Auto Plotting Disabled
 ####### 1D Couette_Poiseuille-FlowCode ###
 The case selected is CASE NUMBER            9
 Here, the values of VW, H, DPDX are    8.5900001525878906       0.10100000351667404       -1.2120000123977661      respectively.
 The data generated will be saved to file Case_09_sim.dat
 Total Number Iterations=        1856
 UTAU1=  0.34702764454131024     
 UTAU2=   4.4540087993802421E-002
 U Average=   6.7057945155742820      U Max=   8.6996574510579912     
 Copying Generated GRID.dat to the directory Simulated_Data  . . . . 
 Copied Successfully 
 Copying Generated simulation data to the directory Simulated_Data . . . .
 Copied Successfully 
 Auto Plotting Disabled
 ####### 1D Couette_Poiseuille-FlowCode ###
 The case selected is CASE NUMBER           10
 Here, the values of VW, H, DPDX are    12.840000152587891        6.5999999642372131E-002  -4.8299999237060547      respectively.
 The data generated will be saved to file Case_10_sim.dat
 Total Number Iterations=         568
 UTAU1=  0.55518728206275858     
 UTAU2=  0.10269895361218695     
 U Average=   10.596015751118168      U Max=   13.533431923638696     
 Copying Generated GRID.dat to the directory Simulated_Data  . . . . 
 Copied Successfully 
 Copying Generated simulation data to the directory Simulated_Data . . . .
 Copied Successfully 
 Auto Plotting Disabled
 ####### 1D Couette_Poiseuille-FlowCode ###
 The case selected is CASE NUMBER           11
 Here, the values of VW, H, DPDX are    12.840000152587891        6.5999999642372131E-002  -7.5000000000000000      respectively.
 The data generated will be saved to file Case_11_sim.dat
 Total Number Iterations=         557
 UTAU1=  0.66780326323334060     
 UTAU2=  0.22144705672625908     
 U Average=   12.530175467402810      U Max=   15.924380672336737     
 Copying Generated GRID.dat to the directory Simulated_Data  . . . . 
 Copied Successfully 
 Copying Generated simulation data to the directory Simulated_Data . . . .
 Copied Successfully 
 Auto Plotting Disabled
 ####### 1D Couette_Poiseuille-FlowCode ###
 The case selected is CASE NUMBER           12
 Here, the values of VW, H, DPDX are    12.840000152587891        6.5999999642372131E-002  -14.300000190734863      respectively.
 The data generated will be saved to file Case_12_sim.dat
 Total Number Iterations=         677
 UTAU1=  0.86831114223619332     
 UTAU2=  0.43570146630793322     
 U Average=   16.102664550999506      U Max=   20.513025001178463     
 Copying Generated GRID.dat to the directory Simulated_Data  . . . . 
 Copied Successfully 
 Copying Generated simulation data to the directory Simulated_Data . . . .
 Copied Successfully 
 Auto Plotting Disabled
 ####### 1D Couette_Poiseuille-FlowCode ###
 The case selected is CASE NUMBER           13
 Here, the values of VW, H, DPDX are    12.840000152587891        6.5999999642372131E-002  -18.500000000000000      respectively.
 The data generated will be saved to file Case_13_sim.dat
 Total Number Iterations=         962
 UTAU1=  0.96568817086976522     
 UTAU2=  0.53707201567956453     
 U Average=   17.876460629481741      U Max=   22.796281933958934     
 Copying Generated GRID.dat to the directory Simulated_Data  . . . . 
 Copied Successfully 
 Copying Generated simulation data to the directory Simulated_Data . . . .
 Copied Successfully 
 Auto Plotting Disabled
 ####### 1D Couette_Poiseuille-FlowCode ###
 The case selected is CASE NUMBER           14
 Here, the values of VW, H, DPDX are    8.5900001525878906        6.5999999642372131E-002  -20.799999237060547      respectively.
 The data generated will be saved to file Case_14_sim.dat
 Total Number Iterations=         937
 UTAU1=  0.95937340492601642     
 UTAU2=  0.67260881062321010     
 U Average=   16.926116121626691      U Max=   22.024402055471480     
 Copying Generated GRID.dat to the directory Simulated_Data  . . . . 
 Copied Successfully 
 Copying Generated simulation data to the directory Simulated_Data . . . .
 Copied Successfully 
 Auto Plotting Disabled
 ####### 1D Couette_Poiseuille-FlowCode ###
 The case selected is CASE NUMBER           15
 Here, the values of VW, H, DPDX are    0.0000000000000000        6.5999999642372131E-002  -13.140000343322754      respectively.
 The data generated will be saved to file Case_15_sim.dat
 Total Number Iterations=        1356
 UTAU1=  0.66177943128462946     
 UTAU2=  0.65520073434685888     
 U Average=   9.8039508895254031      U Max=   13.881707976500246     
 Copying Generated GRID.dat to the directory Simulated_Data  . . . . 
 Copied Successfully 
 Copying Generated simulation data to the directory Simulated_Data . . . .
 Copied Successfully 
 Auto Plotting Disabled
 ####### 1D Couette_Poiseuille-FlowCode ###
 The case selected is CASE NUMBER           16
 Here, the values of VW, H, DPDX are    1.7999999523162842        2.9999999329447746E-002 -0.47999998927116394      respectively.
 The data generated will be saved to file Case_16_sim.dat
 Total Number Iterations=         180
 UTAU1=   4.2506011324496218E-002
 UTAU2=  0.11221959881210844     
 U Average=   1.3605753091162489      U Max=   2.0185036934625549     
 Copying Generated GRID.dat to the directory Simulated_Data  . . . . 
 Copied Successfully 
 Copying Generated simulation data to the directory Simulated_Data . . . .
 Copied Successfully 
 Auto Plotting Disabled
 ####### 1D Couette_Poiseuille-FlowCode ###
 The case selected is CASE NUMBER           17
 Here, the values of VW, H, DPDX are    3.0899999141693115        2.9999999329447746E-002 -0.60000002384185791      respectively.
 The data generated will be saved to file Case_17_sim.dat
 Convergence was not reached !
 Calculations terminated after       10000 iterations.
 UTAU1=   1.6402553761703725E-002
 UTAU2=  0.13315763794472205     
 U Average=   2.1055176003843425      U Max=   3.0940974989900365     
 Copying Generated GRID.dat to the directory Simulated_Data  . . . . 
 Copied Successfully 
 Copying Generated simulation data to the directory Simulated_Data . . . .
 Copied Successfully 
 Auto Plotting Disabled
 ####### 1D Couette_Poiseuille-FlowCode ###
 The case selected is CASE NUMBER           18
 Here, the values of VW, H, DPDX are    3.7500000000000000        2.9999999329447746E-002 -0.66000002622604370      respectively.
 The data generated will be saved to file Case_18_sim.dat
 Total Number Iterations=         288
 UTAU1=   5.7075415726986628E-002
 UTAU2=  0.15184730298765178     
 U Average=   2.3022809948912295      U Max=   3.7523675192457682     
 Copying Generated GRID.dat to the directory Simulated_Data  . . . . 
 Copied Successfully 
 Copying Generated simulation data to the directory Simulated_Data . . . .
 Copied Successfully 
 Auto Plotting Disabled
